Determining if the pthread_create exist failed with the following output:
Change Dir: /catkin_ws/ENSTA_ROB311_Project/build/CMakeFiles/CMakeTmp

Run Build Command:"/usr/bin/make" "cmTC_22e97/fast"
/usr/bin/make -f CMakeFiles/cmTC_22e97.dir/build.make CMakeFiles/cmTC_22e97.dir/build
make[1]: Entering directory '/catkin_ws/ENSTA_ROB311_Project/build/CMakeFiles/CMakeTmp'
Building C object CMakeFiles/cmTC_22e97.dir/CheckSymbolExists.c.o
/usr/bin/cc    -o CMakeFiles/cmTC_22e97.dir/CheckSymbolExists.c.o   -c /catkin_ws/ENSTA_ROB311_Project/build/CMakeFiles/CMakeTmp/CheckSymbolExists.c
Linking C executable cmTC_22e97
/usr/bin/cmake -E cmake_link_script CMakeFiles/cmTC_22e97.dir/link.txt --verbose=1
/usr/bin/cc      -rdynamic CMakeFiles/cmTC_22e97.dir/CheckSymbolExists.c.o  -o cmTC_22e97 
CMakeFiles/cmTC_22e97.dir/CheckSymbolExists.c.o: In function `main':
CheckSymbolExists.c:(.text+0x1b): undefined reference to `pthread_create'
collect2: error: ld returned 1 exit status
CMakeFiles/cmTC_22e97.dir/build.make:97: recipe for target 'cmTC_22e97' failed
make[1]: *** [cmTC_22e97] Error 1
make[1]: Leaving directory '/catkin_ws/ENSTA_ROB311_Project/build/CMakeFiles/CMakeTmp'
Makefile:126: recipe for target 'cmTC_22e97/fast' failed
make: *** [cmTC_22e97/fast] Error 2

File /catkin_ws/ENSTA_ROB311_Project/build/CMakeFiles/CMakeTmp/CheckSymbolExists.c:
/* */
#include <pthread.h>

int main(int argc, char** argv)
{
  (void)argv;
#ifndef pthread_create
  return ((int*)(&pthread_create))[argc];
#else
  (void)argc;
  return 0;
#endif
}

Determining if the function pthread_create exists in the pthreads failed with the following output:
Change Dir: /catkin_ws/ENSTA_ROB311_Project/build/CMakeFiles/CMakeTmp

Run Build Command:"/usr/bin/make" "cmTC_e1ace/fast"
/usr/bin/make -f CMakeFiles/cmTC_e1ace.dir/build.make CMakeFiles/cmTC_e1ace.dir/build
make[1]: Entering directory '/catkin_ws/ENSTA_ROB311_Project/build/CMakeFiles/CMakeTmp'
Building C object CMakeFiles/cmTC_e1ace.dir/CheckFunctionExists.c.o
/usr/bin/cc   -DCHECK_FUNCTION_EXISTS=pthread_create   -o CMakeFiles/cmTC_e1ace.dir/CheckFunctionExists.c.o   -c /usr/share/cmake-3.10/Modules/CheckFunctionExists.c
Linking C executable cmTC_e1ace
/usr/bin/cmake -E cmake_link_script CMakeFiles/cmTC_e1ace.dir/link.txt --verbose=1
/usr/bin/cc  -DCHECK_FUNCTION_EXISTS=pthread_create    -rdynamic CMakeFiles/cmTC_e1ace.dir/CheckFunctionExists.c.o  -o cmTC_e1ace -lpthreads 
/usr/bin/ld: cannot find -lpthreads
collect2: error: ld returned 1 exit status
CMakeFiles/cmTC_e1ace.dir/build.make:97: recipe for target 'cmTC_e1ace' failed
make[1]: *** [cmTC_e1ace] Error 1
make[1]: Leaving directory '/catkin_ws/ENSTA_ROB311_Project/build/CMakeFiles/CMakeTmp'
Makefile:126: recipe for target 'cmTC_e1ace/fast' failed
make: *** [cmTC_e1ace/fast] Error 2


